[debug] [2025-06-14T08:03:34.318Z] ----------------------------------------------------------------------
[debug] [2025-06-14T08:03:34.323Z] Command:       C:\Program Files\nodejs\node.exe C:\Users\akash\AppData\Roaming\npm\node_modules\firebase-tools\lib\bin\firebase.js deploy --only firestore:indexes
[debug] [2025-06-14T08:03:34.324Z] CLI Version:   14.7.0
[debug] [2025-06-14T08:03:34.324Z] Platform:      win32
[debug] [2025-06-14T08:03:34.324Z] Node Version:  v22.13.1
[debug] [2025-06-14T08:03:34.325Z] Time:          Sat Jun 14 2025 13:33:34 GMT+0530 (India Standard Time)
[debug] [2025-06-14T08:03:34.325Z] ----------------------------------------------------------------------
[debug] 
[debug] [2025-06-14T08:03:34.544Z] > command requires scopes: ["email","openid","https://www.googleapis.com/auth/cloudplatformprojects.readonly","https://www.googleapis.com/auth/firebase","https://www.googleapis.com/auth/cloud-platform"]
[debug] [2025-06-14T08:03:34.545Z] > authorizing via signed-in user (akashdalla406@gmail.com)
[debug] [2025-06-14T08:03:34.545Z] [iam] checking project mental-health-f7b7f for permissions ["datastore.indexes.create","datastore.indexes.delete","datastore.indexes.list","datastore.indexes.update","firebase.projects.get"]
[debug] [2025-06-14T08:03:34.546Z] Checked if tokens are valid: false, expires at: 1749823973195
[debug] [2025-06-14T08:03:34.547Z] Checked if tokens are valid: false, expires at: 1749823973195
[debug] [2025-06-14T08:03:34.547Z] > refreshing access token with scopes: []
[debug] [2025-06-14T08:03:34.548Z] >>> [apiv2][query] POST https://www.googleapis.com/oauth2/v3/token [none]
[debug] [2025-06-14T08:03:34.548Z] >>> [apiv2][body] POST https://www.googleapis.com/oauth2/v3/token [omitted]
[debug] [2025-06-14T08:03:35.321Z] <<< [apiv2][status] POST https://www.googleapis.com/oauth2/v3/token 200
[debug] [2025-06-14T08:03:35.322Z] <<< [apiv2][body] POST https://www.googleapis.com/oauth2/v3/token [omitted]
[debug] [2025-06-14T08:03:35.333Z] >>> [apiv2][query] POST https://cloudresourcemanager.googleapis.com/v1/projects/mental-health-f7b7f:testIamPermissions [none]
[debug] [2025-06-14T08:03:35.333Z] >>> [apiv2][(partial)header] POST https://cloudresourcemanager.googleapis.com/v1/projects/mental-health-f7b7f:testIamPermissions x-goog-quota-user=projects/mental-health-f7b7f
[debug] [2025-06-14T08:03:35.333Z] >>> [apiv2][body] POST https://cloudresourcemanager.googleapis.com/v1/projects/mental-health-f7b7f:testIamPermissions {"permissions":["datastore.indexes.create","datastore.indexes.delete","datastore.indexes.list","datastore.indexes.update","firebase.projects.get"]}
[debug] [2025-06-14T08:03:38.227Z] <<< [apiv2][status] POST https://cloudresourcemanager.googleapis.com/v1/projects/mental-health-f7b7f:testIamPermissions 200
[debug] [2025-06-14T08:03:38.227Z] <<< [apiv2][body] POST https://cloudresourcemanager.googleapis.com/v1/projects/mental-health-f7b7f:testIamPermissions {"permissions":["datastore.indexes.create","datastore.indexes.delete","datastore.indexes.list","datastore.indexes.update","firebase.projects.get"]}
[info] 
[info] === Deploying to 'mental-health-f7b7f'...
[info] 
[info] i  deploying firestore 
[info] i  firestore: reading indexes from firestore.indexes.json... 
[debug] [2025-06-14T08:03:38.239Z] Checked if tokens are valid: true, expires at: 1749891814322
[debug] [2025-06-14T08:03:38.239Z] Checked if tokens are valid: true, expires at: 1749891814322
[debug] [2025-06-14T08:03:38.240Z] >>> [apiv2][query] GET https://firestore.googleapis.com/v1/projects/mental-health-f7b7f/databases/(default) [none]
[debug] [2025-06-14T08:03:40.376Z] <<< [apiv2][status] GET https://firestore.googleapis.com/v1/projects/mental-health-f7b7f/databases/(default) 200
[debug] [2025-06-14T08:03:40.376Z] <<< [apiv2][body] GET https://firestore.googleapis.com/v1/projects/mental-health-f7b7f/databases/(default) {"name":"projects/mental-health-f7b7f/databases/(default)","uid":"5bda0a00-51ed-4148-8dc0-56d54c87db45","createTime":"2025-06-06T03:19:48.149374Z","updateTime":"2025-06-06T03:19:48.149374Z","locationId":"nam5","type":"FIRESTORE_NATIVE","concurrencyMode":"PESSIMISTIC","versionRetentionPeriod":"3600s","earliestVersionTime":"2025-06-14T07:03:41.125238Z","appEngineIntegrationMode":"DISABLED","keyPrefix":"s","pointInTimeRecoveryEnablement":"POINT_IN_TIME_RECOVERY_DISABLED","deleteProtectionState":"DELETE_PROTECTION_DISABLED","databaseEdition":"STANDARD","freeTier":true,"etag":"IOmvxM658I0DMIz6p8rL3o0D"}
[info] i  firestore: deploying indexes... 
[debug] [2025-06-14T08:03:40.380Z] Checked if tokens are valid: true, expires at: 1749891814322
[debug] [2025-06-14T08:03:40.380Z] Checked if tokens are valid: true, expires at: 1749891814322
[debug] [2025-06-14T08:03:40.381Z] >>> [apiv2][query] GET https://firestore.googleapis.com/v1/projects/mental-health-f7b7f/databases/(default)/collectionGroups/-/indexes [none]
[debug] [2025-06-14T08:03:40.806Z] <<< [apiv2][status] GET https://firestore.googleapis.com/v1/projects/mental-health-f7b7f/databases/(default)/collectionGroups/-/indexes 200
[debug] [2025-06-14T08:03:40.806Z] <<< [apiv2][body] GET https://firestore.googleapis.com/v1/projects/mental-health-f7b7f/databases/(default)/collectionGroups/-/indexes {"indexes":[{"name":"projects/mental-health-f7b7f/databases/(default)/collectionGroups/sessions/indexes/CICAgOjXh4EK","queryScope":"COLLECTION","fields":[{"fieldPath":"userId","order":"ASCENDING"},{"fieldPath":"startTime","order":"ASCENDING"},{"fieldPath":"__name__","order":"ASCENDING"}],"state":"READY","density":"SPARSE_ALL"}]}
[debug] [2025-06-14T08:03:40.807Z] Checked if tokens are valid: true, expires at: 1749891814322
[debug] [2025-06-14T08:03:40.807Z] Checked if tokens are valid: true, expires at: 1749891814322
[debug] [2025-06-14T08:03:40.807Z] >>> [apiv2][query] GET https://firestore.googleapis.com/v1/projects/mental-health-f7b7f/databases/(default)/collectionGroups/-/fields?filter=indexConfig.usesAncestorConfig=false OR ttlConfig:* [none]
[debug] [2025-06-14T08:03:41.369Z] <<< [apiv2][status] GET https://firestore.googleapis.com/v1/projects/mental-health-f7b7f/databases/(default)/collectionGroups/-/fields?filter=indexConfig.usesAncestorConfig=false OR ttlConfig:* 200
[debug] [2025-06-14T08:03:41.370Z] <<< [apiv2][body] GET https://firestore.googleapis.com/v1/projects/mental-health-f7b7f/databases/(default)/collectionGroups/-/fields?filter=indexConfig.usesAncestorConfig=false OR ttlConfig:* {"fields":[{"name":"projects/mental-health-f7b7f/databases/(default)/collectionGroups/__default__/fields/*","indexConfig":{"indexes":[{"queryScope":"COLLECTION","fields":[{"fieldPath":"*","order":"ASCENDING"}],"state":"READY"},{"queryScope":"COLLECTION","fields":[{"fieldPath":"*","order":"DESCENDING"}],"state":"READY"},{"queryScope":"COLLECTION","fields":[{"fieldPath":"*","arrayConfig":"CONTAINS"}],"state":"READY"}]}}]}
[info] i  firestore: The following indexes are defined in your project but are not present in your firestore indexes file:
	(sessions) -- (userId,ASCENDING) (startTime,ASCENDING)  
